# JRE version: OpenJDK Runtime Environment Microsoft-12574423 (17.0.17+10) (build 17.0.17+10-LTS)
# Java VM: OpenJDK 64-Bit Server VM Microsoft-12574423 (17.0.17+10-LTS, mixed mode, sharing, tiered, compressed oops, compressed class ptrs, g1 gc, windows-amd64)
GC Precious Log:
 CPUs: 24 total, 24 available
 Memory: 32221M
 Large Page Support: Disabled
 NUMA Support: Disabled
 Compressed Oops: Enabled (Zero based)
 Heap Region Size: 4M
 Heap Min Capacity: 8M
 Heap Initial Capacity: 504M
 Heap Max Capacity: 8056M
 Pre-touch: Disabled
 Parallel Workers: 18
 Concurrent Workers: 5
 Concurrent Refinement Workers: 18
 Periodic GC: Disabled
Heap:
 garbage-first heap   total 724992K, used 608437K [0x0000000608800000, 0x0000000800000000)
  region size 4096K, 13 young (53248K), 3 survivors (12288K)
 Metaspace       used 82114K, committed 82752K, reserved 1179648K
  class space    used 8890K, committed 9216K, reserved 1048576K
GC Heap History (20 events):
Event: 28.897 GC heap before
{Heap before GC invocations=68 (full 0):
 garbage-first heap   total 724992K, used 645821K [0x0000000608800000, 0x0000000800000000)
  region size 4096K, 56 young (229376K), 1 survivors (4096K)
 Metaspace       used 81701K, committed 82368K, reserved 1179648K
  class space    used 8865K, committed 9216K, reserved 1048576K
}
Event: 28.899 GC heap after
{Heap after GC invocations=69 (full 0):
 garbage-first heap   total 724992K, used 420820K [0x0000000608800000, 0x0000000800000000)
  region size 4096K, 2 young (8192K), 2 survivors (8192K)
 Metaspace       used 81701K, committed 82368K, reserved 1179648K
  class space    used 8865K, committed 9216K, reserved 1048576K
}
Event: 29.186 GC heap before
{Heap before GC invocations=69 (full 0):
 garbage-first heap   total 724992K, used 637908K [0x0000000608800000, 0x0000000800000000)
  region size 4096K, 55 young (225280K), 2 survivors (8192K)
 Metaspace       used 81701K, committed 82368K, reserved 1179648K
  class space    used 8865K, committed 9216K, reserved 1048576K
}
Event: 29.188 GC heap after
{Heap after GC invocations=70 (full 0):
 garbage-first heap   total 724992K, used 420812K [0x0000000608800000, 0x0000000800000000)
  region size 4096K, 1 young (4096K), 1 survivors (4096K)
 Metaspace       used 81701K, committed 82368K, reserved 1179648K
  class space    used 8865K, committed 9216K, reserved 1048576K
}
Event: 29.470 GC heap before
{Heap before GC invocations=70 (full 0):
 garbage-first heap   total 724992K, used 641996K [0x0000000608800000, 0x0000000800000000)
  region size 4096K, 55 young (225280K), 1 survivors (4096K)
 Metaspace       used 81701K, committed 82368K, reserved 1179648K
  class space    used 8865K, committed 9216K, reserved 1048576K
}
Event: 29.470 GC heap after
{Heap after GC invocations=71 (full 0):
 garbage-first heap   total 724992K, used 420635K [0x0000000608800000, 0x0000000800000000)
  region size 4096K, 1 young (4096K), 1 survivors (4096K)
 Metaspace       used 81701K, committed 82368K, reserved 1179648K
  class space    used 8865K, committed 9216K, reserved 1048576K
}
Event: 29.758 GC heap before
{Heap before GC invocations=71 (full 0):
 garbage-first heap   total 724992K, used 641819K [0x0000000608800000, 0x0000000800000000)
  region size 4096K, 55 young (225280K), 1 survivors (4096K)
 Metaspace       used 81704K, committed 82368K, reserved 1179648K
  class space    used 8865K, committed 9216K, reserved 1048576K
}
Event: 29.759 GC heap after
{Heap after GC invocations=72 (full 0):
 garbage-first heap   total 724992K, used 420549K [0x0000000608800000, 0x0000000800000000)
  region size 4096K, 1 young (4096K), 1 survivors (4096K)
 Metaspace       used 81704K, committed 82368K, reserved 1179648K
  class space    used 8865K, committed 9216K, reserved 1048576K
}
Event: 30.032 GC heap before
{Heap before GC invocations=72 (full 0):
 garbage-first heap   total 724992K, used 641733K [0x0000000608800000, 0x0000000800000000)
  region size 4096K, 55 young (225280K), 1 survivors (4096K)
 Metaspace       used 81704K, committed 82368K, reserved 1179648K
  class space    used 8865K, committed 9216K, reserved 1048576K
}
Event: 30.034 GC heap after
{Heap after GC invocations=73 (full 0):
 garbage-first heap   total 724992K, used 420571K [0x0000000608800000, 0x0000000800000000)
  region size 4096K, 1 young (4096K), 1 survivors (4096K)
 Metaspace       used 81704K, committed 82368K, reserved 1179648K
  class space    used 8865K, committed 9216K, reserved 1048576K
}
Event: 30.512 GC heap before
{Heap before GC invocations=73 (full 0):
 garbage-first heap   total 724992K, used 641755K [0x0000000608800000, 0x0000000800000000)
  region size 4096K, 55 young (225280K), 1 survivors (4096K)
 Metaspace       used 81921K, committed 82560K, reserved 1179648K
  class space    used 8880K, committed 9216K, reserved 1048576K
}
Event: 30.515 GC heap after
{Heap after GC invocations=74 (full 0):
 garbage-first heap   total 724992K, used 432759K [0x0000000608800000, 0x0000000800000000)
  region size 4096K, 4 young (16384K), 4 survivors (16384K)
 Metaspace       used 81921K, committed 82560K, reserved 1179648K
  class space    used 8880K, committed 9216K, reserved 1048576K
}
Event: 30.855 GC heap before
{Heap before GC invocations=74 (full 0):
 garbage-first heap   total 724992K, used 629367K [0x0000000608800000, 0x0000000800000000)
  region size 4096K, 52 young (212992K), 4 survivors (16384K)
 Metaspace       used 81982K, committed 82624K, reserved 1179648K
  class space    used 8884K, committed 9216K, reserved 1048576K
}
Event: 30.862 GC heap after
{Heap after GC invocations=75 (full 0):
 garbage-first heap   total 724992K, used 456752K [0x0000000608800000, 0x0000000800000000)
  region size 4096K, 7 young (28672K), 7 survivors (28672K)
 Metaspace       used 81982K, committed 82624K, reserved 1179648K
  class space    used 8884K, committed 9216K, reserved 1048576K
}
Event: 31.146 GC heap before
{Heap before GC invocations=75 (full 0):
 garbage-first heap   total 724992K, used 616496K [0x0000000608800000, 0x0000000800000000)
  region size 4096K, 46 young (188416K), 7 survivors (28672K)
 Metaspace       used 82009K, committed 82624K, reserved 1179648K
  class space    used 8884K, committed 9216K, reserved 1048576K
}
Event: 31.158 GC heap after
{Heap after GC invocations=76 (full 0):
 garbage-first heap   total 724992K, used 484688K [0x0000000608800000, 0x0000000800000000)
  region size 4096K, 6 young (24576K), 6 survivors (24576K)
 Metaspace       used 82009K, committed 82624K, reserved 1179648K
  class space    used 8884K, committed 9216K, reserved 1048576K
}
Event: 51.301 GC heap before
{Heap before GC invocations=76 (full 0):
 garbage-first heap   total 724992K, used 607568K [0x0000000608800000, 0x0000000800000000)
  region size 4096K, 36 young (147456K), 6 survivors (24576K)
 Metaspace       used 82091K, committed 82752K, reserved 1179648K
  class space    used 8889K, committed 9216K, reserved 1048576K
}
Event: 51.311 GC heap after
{Heap after GC invocations=77 (full 0):
 garbage-first heap   total 724992K, used 508192K [0x0000000608800000, 0x0000000800000000)
  region size 4096K, 5 young (20480K), 5 survivors (20480K)
 Metaspace       used 82091K, committed 82752K, reserved 1179648K
  class space    used 8889K, committed 9216K, reserved 1048576K
}
Event: 51.566 GC heap before
{Heap before GC invocations=77 (full 0):
 garbage-first heap   total 724992K, used 606496K [0x0000000608800000, 0x0000000800000000)
  region size 4096K, 29 young (118784K), 5 survivors (20480K)
 Metaspace       used 82098K, committed 82752K, reserved 1179648K
  class space    used 8890K, committed 9216K, reserved 1048576K
}
Event: 51.576 GC heap after
{Heap after GC invocations=78 (full 0):
 garbage-first heap   total 724992K, used 548532K [0x0000000608800000, 0x0000000800000000)
  region size 4096K, 4 young (16384K), 4 survivors (16384K)
 Metaspace       used 82098K, committed 82752K, reserved 1179648K
  class space    used 8890K, committed 9216K, reserved 1048576K
}

