# JRE version: OpenJDK Runtime Environment Microsoft-12574423 (17.0.17+10) (build 17.0.17+10-LTS)
# Java VM: OpenJDK 64-Bit Server VM Microsoft-12574423 (17.0.17+10-LTS, mixed mode, sharing, tiered, compressed oops, compressed class ptrs, g1 gc, windows-amd64)
GC Precious Log:
 CPUs: 24 total, 24 available
 Memory: 32221M
 Large Page Support: Disabled
 NUMA Support: Disabled
 Compressed Oops: Enabled (Zero based)
 Heap Region Size: 4M
 Heap Min Capacity: 8M
 Heap Initial Capacity: 504M
 Heap Max Capacity: 8056M
 Pre-touch: Disabled
 Parallel Workers: 18
 Concurrent Workers: 5
 Concurrent Refinement Workers: 18
 Periodic GC: Disabled
Heap:
 garbage-first heap   total 1019904K, used 841627K [0x0000000608800000, 0x0000000800000000)
  region size 4096K, 2 young (8192K), 2 survivors (8192K)
 Metaspace       used 83798K, committed 84480K, reserved 1179648K
  class space    used 8963K, committed 9280K, reserved 1048576K
GC Heap History (20 events):
Event: 51.330 GC heap after
{Heap after GC invocations=66 (full 0):
 garbage-first heap   total 1019904K, used 733916K [0x0000000608800000, 0x0000000800000000)
  region size 4096K, 5 young (20480K), 5 survivors (20480K)
 Metaspace       used 83308K, committed 83968K, reserved 1179648K
  class space    used 8959K, committed 9280K, reserved 1048576K
}
Event: 51.530 GC heap before
{Heap before GC invocations=66 (full 0):
 garbage-first heap   total 1019904K, used 869084K [0x0000000608800000, 0x0000000800000000)
  region size 4096K, 38 young (155648K), 5 survivors (20480K)
 Metaspace       used 83335K, committed 83968K, reserved 1179648K
  class space    used 8959K, committed 9280K, reserved 1048576K
}
Event: 51.536 GC heap after
{Heap after GC invocations=67 (full 0):
 garbage-first heap   total 1019904K, used 752711K [0x0000000608800000, 0x0000000800000000)
  region size 4096K, 5 young (20480K), 5 survivors (20480K)
 Metaspace       used 83335K, committed 83968K, reserved 1179648K
  class space    used 8959K, committed 9280K, reserved 1048576K
}
Event: 51.847 GC heap before
{Heap before GC invocations=67 (full 0):
 garbage-first heap   total 1019904K, used 871495K [0x0000000608800000, 0x0000000800000000)
  region size 4096K, 34 young (139264K), 5 survivors (20480K)
 Metaspace       used 83373K, committed 84032K, reserved 1179648K
  class space    used 8959K, committed 9280K, reserved 1048576K
}
Event: 51.853 GC heap after
{Heap after GC invocations=68 (full 0):
 garbage-first heap   total 1019904K, used 764112K [0x0000000608800000, 0x0000000800000000)
  region size 4096K, 4 young (16384K), 4 survivors (16384K)
 Metaspace       used 83373K, committed 84032K, reserved 1179648K
  class space    used 8959K, committed 9280K, reserved 1048576K
}
Event: 52.160 GC heap before
{Heap before GC invocations=68 (full 0):
 garbage-first heap   total 1019904K, used 870608K [0x0000000608800000, 0x0000000800000000)
  region size 4096K, 30 young (122880K), 4 survivors (16384K)
 Metaspace       used 83419K, committed 84032K, reserved 1179648K
  class space    used 8959K, committed 9280K, reserved 1048576K
}
Event: 52.166 GC heap after
{Heap after GC invocations=69 (full 0):
 garbage-first heap   total 1019904K, used 780274K [0x0000000608800000, 0x0000000800000000)
  region size 4096K, 4 young (16384K), 4 survivors (16384K)
 Metaspace       used 83419K, committed 84032K, reserved 1179648K
  class space    used 8959K, committed 9280K, reserved 1048576K
}
Event: 52.477 GC heap before
{Heap before GC invocations=69 (full 0):
 garbage-first heap   total 1019904K, used 874482K [0x0000000608800000, 0x0000000800000000)
  region size 4096K, 27 young (110592K), 4 survivors (16384K)
 Metaspace       used 83457K, committed 84096K, reserved 1179648K
  class space    used 8960K, committed 9280K, reserved 1048576K
}
Event: 52.483 GC heap after
{Heap after GC invocations=70 (full 0):
 garbage-first heap   total 1019904K, used 789135K [0x0000000608800000, 0x0000000800000000)
  region size 4096K, 3 young (12288K), 3 survivors (12288K)
 Metaspace       used 83457K, committed 84096K, reserved 1179648K
  class space    used 8960K, committed 9280K, reserved 1048576K
}
Event: 52.898 GC heap before
{Heap before GC invocations=70 (full 0):
 garbage-first heap   total 1019904K, used 879247K [0x0000000608800000, 0x0000000800000000)
  region size 4096K, 25 young (102400K), 3 survivors (12288K)
 Metaspace       used 83541K, committed 84160K, reserved 1179648K
  class space    used 8962K, committed 9280K, reserved 1048576K
}
Event: 52.902 GC heap after
{Heap after GC invocations=71 (full 0):
 garbage-first heap   total 1019904K, used 798710K [0x0000000608800000, 0x0000000800000000)
  region size 4096K, 3 young (12288K), 3 survivors (12288K)
 Metaspace       used 83541K, committed 84160K, reserved 1179648K
  class space    used 8962K, committed 9280K, reserved 1048576K
}
Event: 53.001 GC heap before
{Heap before GC invocations=71 (full 0):
 garbage-first heap   total 1019904K, used 876534K [0x0000000608800000, 0x0000000800000000)
  region size 4096K, 23 young (94208K), 3 survivors (12288K)
 Metaspace       used 83549K, committed 84160K, reserved 1179648K
  class space    used 8962K, committed 9280K, reserved 1048576K
}
Event: 53.005 GC heap after
{Heap after GC invocations=72 (full 0):
 garbage-first heap   total 1019904K, used 808675K [0x0000000608800000, 0x0000000800000000)
  region size 4096K, 3 young (12288K), 3 survivors (12288K)
 Metaspace       used 83549K, committed 84160K, reserved 1179648K
  class space    used 8962K, committed 9280K, reserved 1048576K
}
Event: 53.144 GC heap before
{Heap before GC invocations=72 (full 0):
 garbage-first heap   total 1019904K, used 886499K [0x0000000608800000, 0x0000000800000000)
  region size 4096K, 22 young (90112K), 3 survivors (12288K)
 Metaspace       used 83592K, committed 84224K, reserved 1179648K
  class space    used 8962K, committed 9280K, reserved 1048576K
}
Event: 53.148 GC heap after
{Heap after GC invocations=73 (full 0):
 garbage-first heap   total 1019904K, used 818180K [0x0000000608800000, 0x0000000800000000)
  region size 4096K, 3 young (12288K), 3 survivors (12288K)
 Metaspace       used 83592K, committed 84224K, reserved 1179648K
  class space    used 8962K, committed 9280K, reserved 1048576K
}
Event: 53.236 GC heap before
{Heap before GC invocations=73 (full 0):
 garbage-first heap   total 1019904K, used 883716K [0x0000000608800000, 0x0000000800000000)
  region size 4096K, 19 young (77824K), 3 survivors (12288K)
 Metaspace       used 83607K, committed 84224K, reserved 1179648K
  class space    used 8962K, committed 9280K, reserved 1048576K
}
Event: 53.239 GC heap after
{Heap after GC invocations=74 (full 0):
 garbage-first heap   total 1019904K, used 825956K [0x0000000608800000, 0x0000000800000000)
  region size 4096K, 3 young (12288K), 3 survivors (12288K)
 Metaspace       used 83607K, committed 84224K, reserved 1179648K
  class space    used 8962K, committed 9280K, reserved 1048576K
}
Event: 53.347 GC heap before
{Heap before GC invocations=74 (full 0):
 garbage-first heap   total 1019904K, used 887396K [0x0000000608800000, 0x0000000800000000)
  region size 4096K, 18 young (73728K), 3 survivors (12288K)
 Metaspace       used 83782K, committed 84416K, reserved 1179648K
  class space    used 8962K, committed 9280K, reserved 1048576K
}
Event: 53.350 GC heap after
{Heap after GC invocations=75 (full 0):
 garbage-first heap   total 1019904K, used 832931K [0x0000000608800000, 0x0000000800000000)
  region size 4096K, 2 young (8192K), 2 survivors (8192K)
 Metaspace       used 83782K, committed 84416K, reserved 1179648K
  class space    used 8962K, committed 9280K, reserved 1048576K
}
Event: 53.507 GC heap before
{Heap before GC invocations=75 (full 0):
 garbage-first heap   total 1019904K, used 890275K [0x0000000608800000, 0x0000000800000000)
  region size 4096K, 16 young (65536K), 2 survivors (8192K)
 Metaspace       used 83798K, committed 84480K, reserved 1179648K
  class space    used 8963K, committed 9280K, reserved 1048576K
}

