# JRE version: OpenJDK Runtime Environment Temurin-21.0.9+10 (21.0.9+10) (build 21.0.9+10-LTS)
# Java VM: OpenJDK 64-Bit Server VM Temurin-21.0.9+10 (21.0.9+10-LTS, mixed mode, sharing, tiered, compressed oops, compressed class ptrs, parallel gc, windows-amd64)
GC Precious Log:
 CardTable entry size: 512
 CPUs: 24 total, 24 available
 Memory: 32221M
 Large Page Support: Disabled
 NUMA Support: Disabled
 Compressed Oops: Enabled (32-bit)
 Alignments: Space 512K, Generation 512K, Heap 2M
 Heap Min Capacity: 100M
 Heap Initial Capacity: 100M
 Heap Max Capacity: 2G
 Pre-touch: Disabled
 Parallel Workers: 18
Heap:
 PSYoungGen      total 23040K, used 4913K [0x00000000d5580000, 0x00000000d6f00000, 0x0000000100000000)
  eden space 19968K, 24% used [0x00000000d5580000,0x00000000d5a4c4b0,0x00000000d6900000)
  from space 3072K, 0% used [0x00000000d6c00000,0x00000000d6c00000,0x00000000d6f00000)
  to   space 2560K, 0% used [0x00000000d6900000,0x00000000d6900000,0x00000000d6b80000)
 ParOldGen       total 68608K, used 29387K [0x0000000080000000, 0x0000000084300000, 0x00000000d5580000)
  object space 68608K, 42% used [0x0000000080000000,0x0000000081cb2d98,0x0000000084300000)
 Metaspace       used 35581K, committed 36544K, reserved 1114112K
  class space    used 3547K, committed 3968K, reserved 1048576K
GC Heap History (20 events):
Event: 5.993 GC heap before
{Heap before GC invocations=9 (full 1):
 PSYoungGen      total 26112K, used 26029K [0x00000000d5580000, 0x00000000d7480000, 0x0000000100000000)
  eden space 23552K, 100% used [0x00000000d5580000,0x00000000d6c80000,0x00000000d6c80000)
  from space 2560K, 96% used [0x00000000d6d00000,0x00000000d6f6b470,0x00000000d6f80000)
  to   space 4096K, 0% used [0x00000000d7080000,0x00000000d7080000,0x00000000d7480000)
 ParOldGen       total 68608K, used 9838K [0x0000000080000000, 0x0000000084300000, 0x00000000d5580000)
  object space 68608K, 14% used [0x0000000080000000,0x000000008099b928,0x0000000084300000)
 Metaspace       used 28145K, committed 28928K, reserved 1114112K
  class space    used 2796K, committed 3136K, reserved 1048576K
}
Event: 5.995 GC heap after
{Heap after GC invocations=9 (full 1):
 PSYoungGen      total 26624K, used 3427K [0x00000000d5580000, 0x00000000d7400000, 0x0000000100000000)
  eden space 23040K, 0% used [0x00000000d5580000,0x00000000d5580000,0x00000000d6c00000)
  from space 3584K, 95% used [0x00000000d7080000,0x00000000d73d8c30,0x00000000d7400000)
  to   space 4096K, 0% used [0x00000000d6c00000,0x00000000d6c00000,0x00000000d7000000)
 ParOldGen       total 68608K, used 9846K [0x0000000080000000, 0x0000000084300000, 0x00000000d5580000)
  object space 68608K, 14% used [0x0000000080000000,0x000000008099d928,0x0000000084300000)
 Metaspace       used 28145K, committed 28928K, reserved 1114112K
  class space    used 2796K, committed 3136K, reserved 1048576K
}
Event: 110.996 GC heap before
{Heap before GC invocations=10 (full 1):
 PSYoungGen      total 26624K, used 25758K [0x00000000d5580000, 0x00000000d7400000, 0x0000000100000000)
  eden space 23040K, 96% used [0x00000000d5580000,0x00000000d6b4ed80,0x00000000d6c00000)
  from space 3584K, 95% used [0x00000000d7080000,0x00000000d73d8c30,0x00000000d7400000)
  to   space 4096K, 0% used [0x00000000d6c00000,0x00000000d6c00000,0x00000000d7000000)
 ParOldGen       total 68608K, used 9846K [0x0000000080000000, 0x0000000084300000, 0x00000000d5580000)
  object space 68608K, 14% used [0x0000000080000000,0x000000008099d928,0x0000000084300000)
 Metaspace       used 30499K, committed 31296K, reserved 1114112K
  class space    used 3062K, committed 3392K, reserved 1048576K
}
Event: 110.999 GC heap after
{Heap after GC invocations=10 (full 1):
 PSYoungGen      total 26624K, used 4093K [0x00000000d5580000, 0x00000000d7680000, 0x0000000100000000)
  eden space 22528K, 0% used [0x00000000d5580000,0x00000000d5580000,0x00000000d6b80000)
  from space 4096K, 99% used [0x00000000d6c00000,0x00000000d6fff490,0x00000000d7000000)
  to   space 5632K, 0% used [0x00000000d7100000,0x00000000d7100000,0x00000000d7680000)
 ParOldGen       total 68608K, used 10699K [0x0000000080000000, 0x0000000084300000, 0x00000000d5580000)
  object space 68608K, 15% used [0x0000000080000000,0x0000000080a72db8,0x0000000084300000)
 Metaspace       used 30499K, committed 31296K, reserved 1114112K
  class space    used 3062K, committed 3392K, reserved 1048576K
}
Event: 111.236 GC heap before
{Heap before GC invocations=11 (full 1):
 PSYoungGen      total 26624K, used 26621K [0x00000000d5580000, 0x00000000d7680000, 0x0000000100000000)
  eden space 22528K, 100% used [0x00000000d5580000,0x00000000d6b80000,0x00000000d6b80000)
  from space 4096K, 99% used [0x00000000d6c00000,0x00000000d6fff490,0x00000000d7000000)
  to   space 5632K, 0% used [0x00000000d7100000,0x00000000d7100000,0x00000000d7680000)
 ParOldGen       total 68608K, used 10699K [0x0000000080000000, 0x0000000084300000, 0x00000000d5580000)
  object space 68608K, 15% used [0x0000000080000000,0x0000000080a72db8,0x0000000084300000)
 Metaspace       used 32506K, committed 33408K, reserved 1114112K
  class space    used 3261K, committed 3648K, reserved 1048576K
}
Event: 111.238 GC heap after
{Heap after GC invocations=11 (full 1):
 PSYoungGen      total 26112K, used 3659K [0x00000000d5580000, 0x00000000d7500000, 0x0000000100000000)
  eden space 22016K, 0% used [0x00000000d5580000,0x00000000d5580000,0x00000000d6b00000)
  from space 4096K, 89% used [0x00000000d7100000,0x00000000d7492d58,0x00000000d7500000)
  to   space 4608K, 0% used [0x00000000d6c00000,0x00000000d6c00000,0x00000000d7080000)
 ParOldGen       total 68608K, used 13207K [0x0000000080000000, 0x0000000084300000, 0x00000000d5580000)
  object space 68608K, 19% used [0x0000000080000000,0x0000000080ce5ea0,0x0000000084300000)
 Metaspace       used 32506K, committed 33408K, reserved 1114112K
  class space    used 3261K, committed 3648K, reserved 1048576K
}
Event: 111.312 GC heap before
{Heap before GC invocations=12 (full 1):
 PSYoungGen      total 26112K, used 25675K [0x00000000d5580000, 0x00000000d7500000, 0x0000000100000000)
  eden space 22016K, 100% used [0x00000000d5580000,0x00000000d6b00000,0x00000000d6b00000)
  from space 4096K, 89% used [0x00000000d7100000,0x00000000d7492d58,0x00000000d7500000)
  to   space 4608K, 0% used [0x00000000d6c00000,0x00000000d6c00000,0x00000000d7080000)
 ParOldGen       total 68608K, used 13207K [0x0000000080000000, 0x0000000084300000, 0x00000000d5580000)
  object space 68608K, 19% used [0x0000000080000000,0x0000000080ce5ea0,0x0000000084300000)
 Metaspace       used 32847K, committed 33792K, reserved 1114112K
  class space    used 3317K, committed 3712K, reserved 1048576K
}
Event: 111.314 GC heap after
{Heap after GC invocations=12 (full 1):
 PSYoungGen      total 25088K, used 2705K [0x00000000d5580000, 0x00000000d7200000, 0x0000000100000000)
  eden space 22016K, 0% used [0x00000000d5580000,0x00000000d5580000,0x00000000d6b00000)
  from space 3072K, 88% used [0x00000000d6c00000,0x00000000d6ea4420,0x00000000d6f00000)
  to   space 3072K, 0% used [0x00000000d6f00000,0x00000000d6f00000,0x00000000d7200000)
 ParOldGen       total 68608K, used 16609K [0x0000000080000000, 0x0000000084300000, 0x00000000d5580000)
  object space 68608K, 24% used [0x0000000080000000,0x0000000081038458,0x0000000084300000)
 Metaspace       used 32847K, committed 33792K, reserved 1114112K
  class space    used 3317K, committed 3712K, reserved 1048576K
}
Event: 111.335 GC heap before
{Heap before GC invocations=13 (full 1):
 PSYoungGen      total 25088K, used 24721K [0x00000000d5580000, 0x00000000d7200000, 0x0000000100000000)
  eden space 22016K, 100% used [0x00000000d5580000,0x00000000d6b00000,0x00000000d6b00000)
  from space 3072K, 88% used [0x00000000d6c00000,0x00000000d6ea4420,0x00000000d6f00000)
  to   space 3072K, 0% used [0x00000000d6f00000,0x00000000d6f00000,0x00000000d7200000)
 ParOldGen       total 68608K, used 16609K [0x0000000080000000, 0x0000000084300000, 0x00000000d5580000)
  object space 68608K, 24% used [0x0000000080000000,0x0000000081038458,0x0000000084300000)
 Metaspace       used 32890K, committed 33856K, reserved 1114112K
  class space    used 3317K, committed 3712K, reserved 1048576K
}
Event: 111.337 GC heap after
{Heap after GC invocations=13 (full 1):
 PSYoungGen      total 25088K, used 2754K [0x00000000d5580000, 0x00000000d7200000, 0x0000000100000000)
  eden space 22016K, 0% used [0x00000000d5580000,0x00000000d5580000,0x00000000d6b00000)
  from space 3072K, 89% used [0x00000000d6f00000,0x00000000d71b0810,0x00000000d7200000)
  to   space 3072K, 0% used [0x00000000d6c00000,0x00000000d6c00000,0x00000000d6f00000)
 ParOldGen       total 68608K, used 19012K [0x0000000080000000, 0x0000000084300000, 0x00000000d5580000)
  object space 68608K, 27% used [0x0000000080000000,0x0000000081291138,0x0000000084300000)
 Metaspace       used 32890K, committed 33856K, reserved 1114112K
  class space    used 3317K, committed 3712K, reserved 1048576K
}
Event: 111.361 GC heap before
{Heap before GC invocations=14 (full 1):
 PSYoungGen      total 25088K, used 24770K [0x00000000d5580000, 0x00000000d7200000, 0x0000000100000000)
  eden space 22016K, 100% used [0x00000000d5580000,0x00000000d6b00000,0x00000000d6b00000)
  from space 3072K, 89% used [0x00000000d6f00000,0x00000000d71b0810,0x00000000d7200000)
  to   space 3072K, 0% used [0x00000000d6c00000,0x00000000d6c00000,0x00000000d6f00000)
 ParOldGen       total 68608K, used 19012K [0x0000000080000000, 0x0000000084300000, 0x00000000d5580000)
  object space 68608K, 27% used [0x0000000080000000,0x0000000081291138,0x0000000084300000)
 Metaspace       used 32900K, committed 33856K, reserved 1114112K
  class space    used 3317K, committed 3712K, reserved 1048576K
}
Event: 111.362 GC heap after
{Heap after GC invocations=14 (full 1):
 PSYoungGen      total 24576K, used 2468K [0x00000000d5580000, 0x00000000d7100000, 0x0000000100000000)
  eden space 22016K, 0% used [0x00000000d5580000,0x00000000d5580000,0x00000000d6b00000)
  from space 2560K, 96% used [0x00000000d6c00000,0x00000000d6e69000,0x00000000d6e80000)
  to   space 2560K, 0% used [0x00000000d6e80000,0x00000000d6e80000,0x00000000d7100000)
 ParOldGen       total 68608K, used 21578K [0x0000000080000000, 0x0000000084300000, 0x00000000d5580000)
  object space 68608K, 31% used [0x0000000080000000,0x0000000081512af8,0x0000000084300000)
 Metaspace       used 32900K, committed 33856K, reserved 1114112K
  class space    used 3317K, committed 3712K, reserved 1048576K
}
Event: 111.395 GC heap before
{Heap before GC invocations=15 (full 1):
 PSYoungGen      total 24576K, used 24484K [0x00000000d5580000, 0x00000000d7100000, 0x0000000100000000)
  eden space 22016K, 100% used [0x00000000d5580000,0x00000000d6b00000,0x00000000d6b00000)
  from space 2560K, 96% used [0x00000000d6c00000,0x00000000d6e69000,0x00000000d6e80000)
  to   space 2560K, 0% used [0x00000000d6e80000,0x00000000d6e80000,0x00000000d7100000)
 ParOldGen       total 68608K, used 21578K [0x0000000080000000, 0x0000000084300000, 0x00000000d5580000)
  object space 68608K, 31% used [0x0000000080000000,0x0000000081512af8,0x0000000084300000)
 Metaspace       used 32931K, committed 33856K, reserved 1114112K
  class space    used 3318K, committed 3712K, reserved 1048576K
}
Event: 111.397 GC heap after
{Heap after GC invocations=15 (full 1):
 PSYoungGen      total 22528K, used 2528K [0x00000000d5580000, 0x00000000d7600000, 0x0000000100000000)
  eden space 19968K, 0% used [0x00000000d5580000,0x00000000d5580000,0x00000000d6900000)
  from space 2560K, 98% used [0x00000000d6e80000,0x00000000d70f8010,0x00000000d7100000)
  to   space 5632K, 0% used [0x00000000d6900000,0x00000000d6900000,0x00000000d6e80000)
 ParOldGen       total 68608K, used 23786K [0x0000000080000000, 0x0000000084300000, 0x00000000d5580000)
  object space 68608K, 34% used [0x0000000080000000,0x000000008173abf8,0x0000000084300000)
 Metaspace       used 32931K, committed 33856K, reserved 1114112K
  class space    used 3318K, committed 3712K, reserved 1048576K
}
Event: 111.418 GC heap before
{Heap before GC invocations=16 (full 1):
 PSYoungGen      total 22528K, used 22496K [0x00000000d5580000, 0x00000000d7600000, 0x0000000100000000)
  eden space 19968K, 100% used [0x00000000d5580000,0x00000000d6900000,0x00000000d6900000)
  from space 2560K, 98% used [0x00000000d6e80000,0x00000000d70f8010,0x00000000d7100000)
  to   space 5632K, 0% used [0x00000000d6900000,0x00000000d6900000,0x00000000d6e80000)
 ParOldGen       total 68608K, used 23786K [0x0000000080000000, 0x0000000084300000, 0x00000000d5580000)
  object space 68608K, 34% used [0x0000000080000000,0x000000008173abf8,0x0000000084300000)
 Metaspace       used 32957K, committed 33856K, reserved 1114112K
  class space    used 3318K, committed 3712K, reserved 1048576K
}
Event: 111.420 GC heap after
{Heap after GC invocations=16 (full 1):
 PSYoungGen      total 22528K, used 2104K [0x00000000d5580000, 0x00000000d6f00000, 0x0000000100000000)
  eden space 19968K, 0% used [0x00000000d5580000,0x00000000d5580000,0x00000000d6900000)
  from space 2560K, 82% used [0x00000000d6900000,0x00000000d6b0e200,0x00000000d6b80000)
  to   space 3072K, 0% used [0x00000000d6c00000,0x00000000d6c00000,0x00000000d6f00000)
 ParOldGen       total 68608K, used 26219K [0x0000000080000000, 0x0000000084300000, 0x00000000d5580000)
  object space 68608K, 38% used [0x0000000080000000,0x000000008199ac08,0x0000000084300000)
 Metaspace       used 32957K, committed 33856K, reserved 1114112K
  class space    used 3318K, committed 3712K, reserved 1048576K
}
Event: 111.761 GC heap before
{Heap before GC invocations=17 (full 1):
 PSYoungGen      total 22528K, used 21148K [0x00000000d5580000, 0x00000000d6f00000, 0x0000000100000000)
  eden space 19968K, 95% used [0x00000000d5580000,0x00000000d68191a8,0x00000000d6900000)
  from space 2560K, 82% used [0x00000000d6900000,0x00000000d6b0e200,0x00000000d6b80000)
  to   space 3072K, 0% used [0x00000000d6c00000,0x00000000d6c00000,0x00000000d6f00000)
 ParOldGen       total 68608K, used 26219K [0x0000000080000000, 0x0000000084300000, 0x00000000d5580000)
  object space 68608K, 38% used [0x0000000080000000,0x000000008199ac08,0x0000000084300000)
 Metaspace       used 34887K, committed 35840K, reserved 1114112K
  class space    used 3466K, committed 3840K, reserved 1048576K
}
Event: 113.778 GC heap after
{Heap after GC invocations=17 (full 1):
 PSYoungGen      total 23040K, used 3048K [0x00000000d5580000, 0x00000000d6f00000, 0x0000000100000000)
  eden space 19968K, 0% used [0x00000000d5580000,0x00000000d5580000,0x00000000d6900000)
  from space 3072K, 99% used [0x00000000d6c00000,0x00000000d6efa000,0x00000000d6f00000)
  to   space 2560K, 0% used [0x00000000d6900000,0x00000000d6900000,0x00000000d6b80000)
 ParOldGen       total 68608K, used 29189K [0x0000000080000000, 0x0000000084300000, 0x00000000d5580000)
  object space 68608K, 42% used [0x0000000080000000,0x0000000081c81690,0x0000000084300000)
 Metaspace       used 34887K, committed 35840K, reserved 1114112K
  class space    used 3466K, committed 3840K, reserved 1048576K
}
Event: 113.778 GC heap before
{Heap before GC invocations=18 (full 2):
 PSYoungGen      total 23040K, used 3048K [0x00000000d5580000, 0x00000000d6f00000, 0x0000000100000000)
  eden space 19968K, 0% used [0x00000000d5580000,0x00000000d5580000,0x00000000d6900000)
  from space 3072K, 99% used [0x00000000d6c00000,0x00000000d6efa000,0x00000000d6f00000)
  to   space 2560K, 0% used [0x00000000d6900000,0x00000000d6900000,0x00000000d6b80000)
 ParOldGen       total 68608K, used 29189K [0x0000000080000000, 0x0000000084300000, 0x00000000d5580000)
  object space 68608K, 42% used [0x0000000080000000,0x0000000081c81690,0x0000000084300000)
 Metaspace       used 34887K, committed 35840K, reserved 1114112K
  class space    used 3466K, committed 3840K, reserved 1048576K
}
Event: 113.804 GC heap after
{Heap after GC invocations=18 (full 2):
 PSYoungGen      total 23040K, used 0K [0x00000000d5580000, 0x00000000d6f00000, 0x0000000100000000)
  eden space 19968K, 0% used [0x00000000d5580000,0x00000000d5580000,0x00000000d6900000)
  from space 3072K, 0% used [0x00000000d6c00000,0x00000000d6c00000,0x00000000d6f00000)
  to   space 2560K, 0% used [0x00000000d6900000,0x00000000d6900000,0x00000000d6b80000)
 ParOldGen       total 68608K, used 29387K [0x0000000080000000, 0x0000000084300000, 0x00000000d5580000)
  object space 68608K, 42% used [0x0000000080000000,0x0000000081cb2d98,0x0000000084300000)
 Metaspace       used 34887K, committed 35840K, reserved 1114112K
  class space    used 3466K, committed 3840K, reserved 1048576K
}

